2026-01-29 21:54:28 +09:00: [Server] cwd: /home/ec2-user/flonics_Dashboard
2026-01-29 21:54:28 +09:00: [Server] env path: /home/ec2-user/flonics_Dashboard/.env
2026-01-29 21:54:28 +09:00: [Server] .env loaded
2026-01-29 21:54:28 +09:00: [Server] Environment OK
2026-01-29 21:54:28 +09:00: [Server] Working directory: /home/ec2-user/flonics_Dashboard
2026-01-29 21:54:28 +09:00: [Server] __dirname: /home/ec2-user/flonics_Dashboard
2026-01-29 21:54:29 +09:00:    ▲ Next.js 16.0.10
2026-01-29 21:54:29 +09:00:    - Local:         http://localhost:3000
2026-01-29 21:54:29 +09:00:    - Network:       http://172.31.43.198:3000
2026-01-29 21:54:29 +09:00: 
2026-01-29 21:54:29 +09:00:  ✓ Starting...
2026-01-29 21:54:29 +09:00:  ✓ Ready in 416ms
2026-01-29 21:54:38 +09:00: [Holiday API] No API key configured
2026-01-29 21:54:47 +09:00: [Holiday API] No API key configured
2026-01-30 09:07:27 +09:00: [Server] cwd: /home/ec2-user/flonics_Dashboard
2026-01-30 09:07:27 +09:00: [Server] env path: /home/ec2-user/flonics_Dashboard/.env
2026-01-30 09:07:27 +09:00: [Server] .env loaded
2026-01-30 09:07:27 +09:00: [Server] Environment OK
2026-01-30 09:07:27 +09:00: [Server] Working directory: /home/ec2-user/flonics_Dashboard
2026-01-30 09:07:27 +09:00: [Server] __dirname: /home/ec2-user/flonics_Dashboard
2026-01-30 09:07:27 +09:00:    ▲ Next.js 16.0.10
2026-01-30 09:07:27 +09:00:    - Local:         http://localhost:3000
2026-01-30 09:07:27 +09:00:    - Network:       http://172.31.43.198:3000
2026-01-30 09:07:27 +09:00: 
2026-01-30 09:07:27 +09:00:  ✓ Starting...
2026-01-30 09:07:27 +09:00:  ✓ Ready in 404ms
2026-01-30 10:20:43 +09:00: [Holiday API] No API key configured
2026-01-30 10:21:49 +09:00: [Holiday API] No API key configured
2026-01-30 10:21:56 +09:00: [Holiday API] No API key configured
2026-01-30 10:22:19 +09:00: [Holiday API] No API key configured
2026-01-30 10:22:20 +09:00: [Holiday API] No API key configured
2026-01-30 10:22:22 +09:00: [Holiday API] No API key configured
2026-01-30 10:22:24 +09:00: [Holiday API] No API key configured
2026-01-30 10:22:25 +09:00: [Holiday API] No API key configured
2026-01-30 10:22:26 +09:00: [Holiday API] No API key configured
2026-01-30 10:22:28 +09:00: [Holiday API] No API key configured
2026-01-30 10:22:28 +09:00: [Holiday API] No API key configured
2026-01-30 10:22:28 +09:00: [Holiday API] No API key configured
2026-01-30 10:22:29 +09:00: [Holiday API] No API key configured
2026-01-30 10:22:29 +09:00: [Holiday API] No API key configured
2026-01-30 10:22:30 +09:00: [Holiday API] No API key configured
2026-01-30 10:22:33 +09:00: [Holiday API] No API key configured
2026-01-30 10:22:34 +09:00: [Holiday API] No API key configured
2026-01-30 10:22:35 +09:00: [Holiday API] No API key configured
2026-01-30 10:22:37 +09:00: [Holiday API] No API key configured
2026-01-30 10:22:38 +09:00: [Holiday API] No API key configured
2026-01-30 10:22:38 +09:00: [Holiday API] No API key configured
2026-01-30 10:22:39 +09:00: [Holiday API] No API key configured
2026-01-30 10:22:40 +09:00: [Holiday API] No API key configured
2026-01-30 10:22:40 +09:00: [Holiday API] No API key configured
2026-01-30 10:22:41 +09:00: [Holiday API] No API key configured
2026-01-30 10:22:41 +09:00: [Holiday API] No API key configured
2026-01-30 10:22:41 +09:00: [Holiday API] No API key configured
2026-01-30 10:22:42 +09:00: [Holiday API] No API key configured
2026-01-30 10:22:42 +09:00: [Holiday API] No API key configured
2026-01-30 10:22:43 +09:00: [Holiday API] No API key configured
2026-01-30 10:22:43 +09:00: [Holiday API] No API key configured
2026-01-30 10:22:43 +09:00: [Holiday API] No API key configured
2026-01-30 10:22:43 +09:00: [Holiday API] No API key configured
2026-01-30 10:22:44 +09:00: [Holiday API] No API key configured
2026-01-30 10:22:44 +09:00: [Holiday API] No API key configured
2026-01-30 10:22:45 +09:00: [Holiday API] No API key configured
2026-01-30 10:22:47 +09:00: [Holiday API] No API key configured
2026-01-30 10:52:25 +09:00: [Server] cwd: /home/ec2-user/flonics_Dashboard
2026-01-30 10:52:25 +09:00: [Server] env path: /home/ec2-user/flonics_Dashboard/.env
2026-01-30 10:52:25 +09:00: [Server] .env loaded
2026-01-30 10:52:25 +09:00: [Server] Environment OK
2026-01-30 10:52:25 +09:00: [Server] Working directory: /home/ec2-user/flonics_Dashboard
2026-01-30 10:52:25 +09:00: [Server] __dirname: /home/ec2-user/flonics_Dashboard
2026-01-30 10:52:25 +09:00:    ▲ Next.js 16.0.10
2026-01-30 10:52:25 +09:00:    - Local:         http://localhost:3000
2026-01-30 10:52:25 +09:00:    - Network:       http://172.31.43.198:3000
2026-01-30 10:52:25 +09:00: 
2026-01-30 10:52:25 +09:00:  ✓ Starting...
2026-01-30 10:52:25 +09:00:  ✓ Ready in 407ms
2026-01-30 10:52:35 +09:00: [Holiday API] Fetching holidays for 2026-1
2026-01-30 10:52:36 +09:00: [Holiday API] Response received: { resultCode: '00', resultMsg: 'NORMAL SERVICE.' }
2026-01-30 10:52:36 +09:00: [Holiday API] Parsed 1 holidays
2026-01-30 10:52:38 +09:00: [Holiday API] Fetching holidays for 2026-3
2026-01-30 10:52:38 +09:00: [Holiday API] Response received: { resultCode: '00', resultMsg: 'NORMAL SERVICE.' }
2026-01-30 10:52:38 +09:00: [Holiday API] Parsed 2 holidays
2026-01-30 10:52:41 +09:00: [Holiday API] Fetching holidays for 2026-2
2026-01-30 10:52:43 +09:00: [Holiday API] Response received: { resultCode: '00', resultMsg: 'NORMAL SERVICE.' }
2026-01-30 10:52:43 +09:00: [Holiday API] Parsed 3 holidays
2026-01-30 10:52:45 +09:00: [Holiday API] Returning cached data for 2026-3
2026-01-30 10:52:45 +09:00: [Holiday API] Fetching holidays for 2026-4
2026-01-30 10:52:46 +09:00: [Holiday API] Fetching holidays for 2026-5
2026-01-30 10:52:46 +09:00: [Holiday API] Response received: { resultCode: '00', resultMsg: 'NORMAL SERVICE.' }
2026-01-30 10:52:46 +09:00: [Holiday API] No holidays found in response for 2026-4
2026-01-30 10:52:47 +09:00: [Holiday API] Fetching holidays for 2026-6
2026-01-30 10:52:47 +09:00: [Holiday API] Response received: { resultCode: '00', resultMsg: 'NORMAL SERVICE.' }
2026-01-30 10:52:47 +09:00: [Holiday API] Parsed 3 holidays
2026-01-30 10:52:48 +09:00: [Holiday API] Response received: { resultCode: '00', resultMsg: 'NORMAL SERVICE.' }
2026-01-30 10:52:48 +09:00: [Holiday API] Parsed 2 holidays
2026-01-30 10:53:00 +09:00: [Holiday API] Returning cached data for 2026-1
2026-01-30 10:53:03 +09:00: [Holiday API] Returning cached data for 2026-3
2026-01-30 10:53:04 +09:00: [Holiday API] Returning cached data for 2026-4
2026-01-30 10:53:05 +09:00: [Holiday API] Returning cached data for 2026-5
2026-01-30 10:53:11 +09:00: [Holiday API] Returning cached data for 2026-1
